500
0 3709 7398 6225 5756 8678 9598 3007 3423 5413 4918 5321 9786 1898 79 5175 6101 9075 2288 321
1 6399 2840 9742 2469 8179 1206 7163 333 5523 8044 6422 9415 3836 1984 5715 2
2 1423 1774 4800 7482 907 5603 6069 6637 6079 9349 3146 518 9842 8125 5962 5715
3 9341 8674 5504 8306 6394 3684 3100 4268 4232 22 7290 4162 5614 1527 585 2 2121 79 1668 9533
4 4395 5696 1843 9789 9863 8401 699 3465 1536 3511 8372 6074 8174 9265 7429 321
5 5557 4653 1764 1196 3171 7046 6519 1413 9061 3190 8711 321 3936 2962
6 5539 490 8528 3290 1922 3374 3756 7454 5639 34 8039 134 9151 3054 1363 9323 5772 9659 9301
7 2464 4479 9796 5083 82 339 5303 4829 7016 61 5810 1112 1956 4035 4326 9533 6021 8491 5715
8 1708 9843 6651 2429 3756 8324 7249 1602 1647 4664 8032 7204 7669 5093 8982 5326 5677 5064 3784 925 1668 5962
9 5472 8581 7490 5924 6132 5034 730 3716 7547 1665 6979 9533 934 5500 3113 6447 1454 7153 2962
10 9101 1750 1968 7703 5234 3074 8122 1938 5940 4841 8385 254 7215 3093 7997 9160 9842 2
11 8604 3492 8811 8469 8050 3190 8285 3746 9063 4198 8235 5762 732 9374 1763
12 2081 9104 4506 4474 4919 5301 4552 674 3606 9030 9953 3699 6778 8125 9483 321 9842
13 4053 9807 9856 6825 7527 93 2216 1931 8230 8763 3796 1670 4567 6044 2
14 203 1221 5339 5920 8415 9161 5441 8569 1617 5123 5411 2307 2555
15 6453 9201 49 4359 5911 9346 7064 2287 8010 675 5040 116 780 2240 3074 2
16 1343 6286 5036 843 5000 2544 1225 1938 5671 5834 390 77 139 8387 5715 79
17 1741 4548 3301 6684 148 2989 5183 5085 8560 2842 1809 4007 3538 1287 5997 569
18 4030 3655 3743 8715 5438 1732 458 1490 8160 2698 2274 3894 5715
19 2885 3472 1542 4158 8320 4046 7394 5139 4154 8987 5088 7987 935 7997 6306
20 5486 5757 6740 5138 7728 9292 2970 4468 5069 1438 1858 9742 4249 2286 177 5748
21 9745 5990 8611 9422 601 2604 4257 7938 1834 7727 5927 7012 2782 9404 8994 8125
22 1466 2402 6840 4847 1337 7457 6988 82 8642 7130 5983 7968 3528 673 3163 199 9075 7699 9533
23 7897 2234 2715 2602 3280 2274 822 9841 4657 5096 1169 2679 3543 2986
24 7686 6695 8605 2039 9172 553 9916 1215 8301 3537 3425 5206 3101 3300 3789 9965 3751 5064 3012
25 3432 5995 2798 2499 5838 246 6071 8037 321 1565 4604 9411 1852 5467 4465 556 5347 3885 2
26 9179 5029 6694 4786 8788 9594 1039 7896 6502 704 915 861 8925 528 8738 8202 212 321
27 4340 3627 7830 954 7343 6719 2483 223 8234 3860 2634 469 5966 6922 7883 9968
28 5857 6329 9995 1802 3458 7712 3979 2149 5510 6165
29 1276 8108 5144 6729 294 9220 9313 9643 2294 2233 1328 4717 9075 321 2643 8125
30 6489 1767 1584 2139 1707 7473 3846 4442 6624 5747 9151 4172 5719 3877
31 3023 7049 8786 4620 1861 6875 6629 5740 4065 1066 6375 1298 6067 5340 406 6630 2904 8121 7852 4340
32 3694 3833 853 2050 2884 295 8200 2425 9181 1445 4173 4212 839 5458 8028 7413 477 3894 6692 79
33 8308 1257 1964 882 9296 8090 2036 9930 260 7500 8692 4438 3075 41 7056 2611 9404 6538 4526 745
34 7895 1494 3489 3654 5421 7796 9251 6953 2900 6889 402 3118 9190 6338 6473 3830 8387 6938 79
35 5016 896 9255 1611 5314 1751 2115 8735 9219 2124 5511 4971 7085 7008 6875 4985 427 3877
36 6089 6041 6088 6733 7273 1609 528 2096 6100 3429 5508 6801 5340 2240
37 1808 5591 2647 1212 282 2072 2353 473 502 7980 6199 6949 3541 3877 2003 7652 979 3783 9968
38 9967 2437 9901 9606 1726 306 5399 1395 4786 3805 5471 397 7772 175 9656 1246
39 3958 8329 4843 8273 4278 1800 7347 6799 6982 4133 5500 933 7437 6103 6688 3827 2240 8193 6938
40 7816 2204 5299 4675 9109 4557 627 2801 9368 639 5758 8594 7240 1774 4967 4199 7575 8387 2555 9968
41 552 2744 589 5084 1047 518 7791 5477 8348 3872 6499 5093 2270 6327 8910 2867 9013 6635
42 9936 6032 9984 9730 3557 6688 5163 667 8557 3567 4198 7585 8131 2849 4308 1505 935 9731 3936 321
43 9242 8560 5749 2136 8897 3489 7188 9066 3174 7050 1633 2716 767 1981 8005 1668 321
44 2487 144 7900 7024 939 7170 8775 2066 9972 5932 9199 7732 3936
45 7091 2609 4129 1511 1258 6971 4363 7530 2794 7949 2704 7699 321 2
46 4079 8392 7994 2979 7833 1002 3927 5797 7187 5614 6113 9411 4433 4132 9955 5902 3343 6765 7699
47 8873 3630 3009 3258 4895 156 1028 8987 4425 1401 3379 2904 1299 7949
48 7481 2412 3610 7787 5951 9525 8915 9161 309 5536 6435 7320 9835 7811 5412 2 6613 321 5715
49 5634 3585 1635 5228 7817 4395 9924 4674 2741 8300 8832 2747 7732 4035 3371 1668 5715
50 1619 5269 4245 1538 3910 2928 8807 6339 4808 9586 8689 5167 7031 2773 5448 1601 952 2 2240
51 8359 3090 919 5908 2718 1832 5430 4044 4710 7252 4499 7517 5962 6196 9244
52 2024 4807 3637 9930 2597 192 4089 2667 75 4583 1087 7800 1571 2595 2643 3586 9533 3521 8431 2962 2288 4199
53 5948 9277 8439 7331 5009 1664 9143 7342 6309 8660 2639 2052 4843 2415 6470 8134 7153 2288 1668
54 8347 8704 8172 8965 2386 2279 4634 7387 2407 3758 9842 5412
55 4706 103 816 5980 1276 6930 9872 6764 256 3237 9789 4571 1638
56 3946 8016 7318 6565 8258 1225 5474 235 3604 543 5639 4225 9032 1984 352 9968 6613
57 5209 3065 7648 4692 2571 3978 8783 8186 7180 1287 9197 9659 3936 7652
58 437 7968 6109 521 3477 5552 5095 8817 1877 3335 4802 1731 2925 3396 4913 9496 1571 76 8910 1149 7880 148 7153 2240 2
59 3493 729 9361 7200 6519 9271 1591 2756 8190 5066 4024 1868 2875 6863 4060 569 2962
60 6912 6470 6389 8325 5764 9472 6 6819 4787 3244 3987 2622 5872 2427 1452 4341 6170 9129 935
61 5227 677 7290 6817 8292 2040 4074 1301 5138 143 3766 5715 7699
62 5228 8369 7555 2732 9836 8757 4726 4703 7241 6182 9443 9677 79 8293 6778 5715
63 7677 8504 2504 8506 3988 9446 2530 6872 7278 2538 865 2240 427 1774
64 438 5955 688 4003 2561 17 4969 1312 221 6398 1125 9483 4340 9842 7153 2 2240
65 304 3369 1584 607 103 7796 9852 4624 1200 9581 7666 3395 9244 6687 79
66 7085 1307 2216 7455 1642 6975 3805 7388 987 2290 3067 6869 1464 3251 3936 9533
67 1097 5226 8954 1361 1672 3783 4117 1186 7818 5748 5550 8734 6391 6054 8644 321 5715 5412
68 8263 2838 7026 3655 3039 3111 4970 7054 4449 3494 802 1887 1621 5966 2643 1299 2790 9834 9968 5437
69 5506 281 2061 4639 6179 6123 8811 5743 9991 8778 22 7565 4606 1800 9533 3885 9669 2121
70 5791 8280 1599 398 1126 4033 1429 4178 9979 2218 7540 2404 5901 5099 9579 9545 7883 205 935
71 1911 9682 2461 6793 6392 4846 5142 2032 2864 278 6978 5129 8644
72 3461 2026 3573 3644 9662 9952 2290 353 4075 7162 8307 8812 6280 5412 2962
73 3072 7158 7106 1597 2750 9818 671 1684 3247 2247 5762 6538 3376 79
74 4461 401 4928 3889 2424 2268 1760 8143 5586 3331 7331 2327 6537 8671 2986 732 321
75 1951 8855 2872 5663 9782 5481 6358 6434 4177 2983 3521 1745 607 3937 6621 5715 6538 1534
76 1511 6067 9882 7334 738 5099 5632 653 4797 6378 3847 7889 5132 9086 5326 8484 352
77 1786 4724 3195 9255 6806 4605 1039 335 754 1845 2634 7820 4035 2962
78 4575 7582 7567 7550 428 4064 987 7132 7574 1422 1670 6532 5219 8387 5762
79 1479 3619 547 6299 1556 3288 1079 3386 8716 1161 3756 7285 8965 4260 5003 8812 8116 3232 2986 2288 9848 2962
80 5291 9573 2179 6450 2726 1555 7812 2492 4412 7234 6674 9003 5762 9533 79
81 4363 7093 1032 4146 2112 6293 6943 3302 689 9499 7756 8908 5111 7759 2439 9545 2962 3012
82 3374 5160 8809 707 4359 4360 5835 1786 1613 9722 1109 5958 7268 250 1934 8716 9533 79
83 7415 2076 2857 2720 2204 2686 962 996 4915 3684 7429 8528 148 2 2240
84 8635 6723 1175 471 4043 2036 8594 6053 6406 5506 3619 8202 5156 3032 238
85 774 6477 4481 9836 1816 1592 3136 8656 801 1765 4970 5329 4958 8593 3379 9777 3023 7852 9545 935
86 2940 3903 3627 2205 2689 1165 7665 9120 5138 3445 8155 5492 4855 221 6196 8711 3830 4020 5715
87 4150 47 8564 2442 5137 2252 2361 7547 2848 8930 7147 9215 1728 5715
88 1441 1303 1399 5766 8756 3442 1258 4961 2148 3507 9087 3050 5887 5715 6613
89 9964 9915 5314 597 4550 2711 9267 251 7558 7260 1479 3936 8994 3982
90 6638 1831 1513 4045 5939 6070 4293 6282 5622 9578 4463 2658 5241 5993 1779 9008 6889 321
91 9534 4109 6498 7351 7110 1726 9414 9641 6475 6242 4002 6584 4245 1429 4660 4352 427 2240
92 320 7516 7236 222 6772 3379 563 8543 2045 7934 3783 79
93 4884 2060 5915 4077 496 799 5555 9002 9229 4029 9724 8622 1613 2026 5504 6376 6458 5307 4199
94 9520 6815 3305 4237 5884 8192 9631 4841 7407 8282 5861 2761 7621 1125 6712 2340 979
95 1745 4946 4316 4889 8790 7438 2260 8360 4869 3664 996 1017 557 1421 9930 5053 925 7949 5715 321
96 2751 6882 7426 4433 4778 5869 8643 1112 9893 5169 418 4149 6470 7088 5175 427
97 6806 2032 3306 9123 8695 4673 7154 7413 1866 2271 7613 640 1358 8994
98 6692 9427 2877 2309 2282 6024 5739 7529 3370 7417 9740 3836 9197
99 3557 6964 4819 3423 152 997 5621 6321 3318 3003 6961 7042 7447 7234 4011 9374
100 3308 4410 6060 8819 477 9320 6293 5682 795 3510 9187 1244 8055 2892 427 5219 7652
101 3565 1769 3848 5160 6402 7213 8578 2425 1874 9385 9806 3613 7744 6880 2121 2
102 5868 4680 7078 8220 3160 501 7895 9734 2734 7789 3027 4483 4730 4432 842 9260 3454 3817 9829 7267 79 7762 4199 5715
103 4374 3212 685 5633 4761 4358 1257 5737 1382 8405 2569 8722 3936 3894 7240 8994 3074 321
104 6830 7567 9115 3766 5958 6825 8946 8979 9606 5772 5365 9830 2171 4527 4784 9199 7575 183 4967 6134 8431
105 5711 8852 8388 1628 980 1888 8299 3791 3750 9784 4896 1153 8887 6635 8125
106 150 5650 4092 3373 4669 5619 4469 7544 4314 7074 1242 5340 9162 8193 6014 4350 3032 9968 6538 5848 2288 2240 6938
107 501 4898 1843 4666 3588 2519 2992 9555 242 9170 4844 3242 758 352 7575 2555
108 3202 7921 8160 3468 8372 3183 6106 6776 7712 9940 7736 7001 7347 6470 7219 1125 2 2288 2962
109 554 7145 9106 8927 4076 4229 822 7697 2530 640 2640 2858 1784 5869 2288 1668
110 4994 4522 9132 8693 5868 1427 9712 7735 2874 8185 533 2822 9349 9607 3032 6458 8491 7669 3936 4664 4199 8994
111 4279 1625 9225 4852 6932 604 5656 2947 8264 4845 6892 7780 427 9533 321
112 9332 6571 2815 6762 6375 2004 4025 7589 6817 9908 1658 5548 343 5665 2653 7710 6537 2240 7699 9533 7153
113 2726 5900 3214 5349 9787 6357 2170 220 8605 6828 3543 3857 8939 5322 5715 1238 9007 2
114 3987 8379 6071 6718 7282 8791 9284 8504 7880 1517 474 4909 6547 427 8994 321
115 5839 8433 7214 1663 5382 8769 4090 9032 9898 7399 2304 9968
116 1251 1876 1496 5516 5010 1298 4435 2592 2783 2897 3717 8439 9711 9270 7997
117 3389 842 6935 6231 3342 7831 3148 9064 2938 7627 5112 2227 3985 5099 5064 9453 3894 935 6258 8005 321
118 624 2423 5597 164 8985 4146 4246 1828 6823 4688 4203 5529 7629 4180 2555 6938 2962
119 1496 2202 9438 7161 3466 2644 8660 9015 1082 8547 2521 7732 8784 7105 8125
120 5472 7878 540 9399 114 5695 8205 4535 5706 7643 2343 9751 2462 1799 259 5340
121 5446 5183 7601 9616 1362 3355 2272 1890 4296 3496 7156 5339 1668 2121 6467 4647 3602 8406 7517 5715
122 9812 3818 1977 217 2457 5995 3676 3069 3390 7413 6537
123 9408 6860 672 8483 6049 332 3591 9938 5431 8908 6174 2868 8882 6675 1607 2986 5307 6153 7517 7883
124 8536 3480 4344 7308 1389 365 9010 8040 3839 7907 4600 5465 8986 477 3427 8830 4341 199 3982
125 3793 5561 520 6000 1906 2733 4787 446 1915 3049 7474 1566 2052 9545 7120 6986 7732 8125 6938
126 394 2005 7754 3511 1512 7394 5649 6641 7700 6058 5130 9638 8487 8908 9723 780 2962 9007
127 7468 7727 1263 6600 5008 6581 8065 9459 3804 8043 5261 7438 8920 8005 2
128 6991 9174 4242 664 3109 5424 3827 2749 3789 3487 5508 3779 9032 3751 2962
129 8020 6025 2403 2066 6392 4658 4731 4095 5735 6534 4598 9672 5232 7579 5869 2240
130 2420 8770 5942 2115 3279 7471 8238 7002 223 9833 813 9720 5400 105 1246 8794 7732 8711 1105 8994
131 5294 5666 3757 2689 6532 5516 9417 6580 51 7196 9041 6216 1534 1979 1238 2962
132 1818 3246 4225 283 1704 7156 6859 1385 3664 1140 9743 1510 9453 4362 3630 4558 2
133 7448 1905 9780 18 4607 9518 5351 1544 5734 489 4536 3278 3142 8776 8377 6359 1137 1644 6101 1299 6049 2121 3936 321
134 3727 4761 2788 2411 6769 5530 3933 8152 449 6809 3013 4337 412 6772 3111
135 442 7492 5922 6522 9946 2417 5110 6363 9838 3757 6573 5912 9199 2
136 2508 7094 1241 3569 9128 734 9072 1642 5268 2146 8119 7267 4352 2962
137 4598 1612 4579 3927 7404 9958 1915 616 2122 5412 3982 321 2288 6938 5715
138 2606 108 6677 9134 9773 2928 1241 8957 5008 2628 6790 745 3758 3936
139 15 9412 1906 9112 701 7723 3518 489 3313 6635 6883 1934 7669 3491 2340
140 8735 2106 6436 2019 5719 9137 5108 5566 1185 1952 3523 9627 6566 8949 9372 5784 9545
141 8729 3504 5268 1277 4203 9065 7284 5804 6913 7102 7282 1697 6496 5922 5785 6838 3125 8719 2413 9979 7949 1668
142 985 225 3849 4853 3789 5124 1985 6350 2490 9917 393 2075 3141 4531 3077 9533
143 1806 8362 4171 7360 270 9528 4047 6711 1824 2865 5304 3976 5703 9436 3580 8275 6001 6376 8134 4962 6454 5962 3894 79
144 9517 2264 1217 648 9855 4161 1879 1375 7480 242 4924 5212 3088 4967 8711 5715 3936
145 3126 5453 8788 1366 9995 1107 8675 96 5464 9299 6424 935 7652 2555
146 1138 6846 4680 9525 5032 7440 6287 9498 4038 5457 7732
147 2244 6631 9518 7643 4 2558 8093 7079 1630 8804 1780 8652 5882 6303 395 412 183 7153 9533
148 5853 6205 6076 9833 9118 6070 7252 8675 9744 3753 2158 4697 2192 2962 9533 1668
149 3641 9163 5473 3844 9841 7643 2395 4600 6487 5441 8251 4340 5401 1405 4855 447 427
150 7426 43 1319 2713 6366 8264 3227 6394 9496 7026 562 2485 1396 5802 2237 6258 2962
151 8940 911 1306 7038 9435 337 95 4163 3689 1717 4584 1984 183 3602 5748 79
152 413 6141 1408 1809 1332 6870 5795 5202 3838 1542 7589 9574 3140 745 4020
153 5373 8196 7281 5929 3646 627 9451 1571 6331 9914 1368 7845 8113 6100 4043 6196 6528 7438 1668 8994 9545 5715
154 9510 8841 2782 8679 193 8097 2000 2516 6346 85 8400 3947 4132 6149 5451 9968 4985
155 9478 4730 243 4386 8504 8938 2561 286 6189 5776 6512 4053 3163 6024 6149 3728 1105 205 1121 9930 199 2986 8994 2240
156 4101 2071 2743 5411 555 6300 3510 115 1426 3332 8053 2168 7615 321 8406 1534 6938 6613 2962
157 5371 3366 6047 128 998 321 1336 7314 8248 5772 8545 9853 2737 5702 6296 745 3363 6101 1668 9968 2962
158 214 787 5961 8745 1738 9171 7548 283 1638 7486 8376 9732 5929 7859 5014 6470 8406 6938
159 7389 6745 8111 8574 7987 283 1372 5542 4158 4518 3006 8284 3981 9199 2
160 6412 1835 7219 7299 3504 2234 760 4185 13 5316 8353 2643 5728 4762 211 9312 9885 1358 2439 8125 2340 2155 9545
161 8274 9754 6716 5951 7387 9993 698 1260 9206 7063 5851 7 4671 9149 5483 3584 6021 5307 6538 3936 5715
162 9142 945 3958 6674 1710 3617 6212 1062 2898 5829 6782 3894 7652
163 638 2089 2451 4226 6068 1227 241 4816 297 2256 2493 7442 2962 7240 5307 1774 6537 5869 3894 8125
164 5353 8234 3016 2601 2858 6766 5286 779 6726 306 5987 415 665 295 1981
165 1004 2297 2675 3204 6310 9698 7550 4135 5810 2192 1295 1011 3537 5784 8491 2240 5099 9075 2962 9968
166 2809 78 3300 3606 5762 7363 2795 1736 9362 7373 5646 9422 9412 5993 4091 691 3163 4326 6635 6101 5715
167 1714 2565 1800 1386 1325 5130 7717 3805 2123 8590 9500 9677 9453 3304 8134 3877 5748 3163 2288 2962
168 221 5198 8077 4177 2519 2284 5317 9180 3227 9545 6625 4205 4558 5376 6827 2704 5340 321
169 656 7665 4047 8451 4660 9787 6222 909 7994 9490 9657 8270 7330 1377 9943 1465 9573 8450 1774 321 2962
170 1634 9584 6311 901 8410 2912 9292 6765 8775 4529 6297 3851 7895 3612 3561 2 6613 3012 79
171 3499 8635 9225 5263 4730 2194 1747 1139 3168 3265 3736 7038 1121 4066 8644 6692 4199 3012 3982 3894
172 3807 4964 9884 9755 1967 5394 9410 9381 8846 5303 3074 2288 2962
173 117 3225 1068 196 1221 8767 1702 9419 7773 7950 8158 2577 1668 7153 3894 8125 427
174 2170 7180 8994 5782 280 1430 278 1844 7007 2164 8243 1115 5307 3870 9480 7652 2240
175 6644 553 4976 8911 6946 620 5782 2984 8486 1619 156 7007 7 6011 3936 427 4027 9837
176 4739 8789 4681 9922 765 1622 7968 8327 3750 7381 4320 2812 2790 1092 2013 3012 5412 6635
177 5079 238 1891 9698 9247 293 445 9060 1443 5884 7359 6073 9013 5507 7413 6613 427
178 7521 6326 2706 2644 2656 5610 149 883 8991 7514 9438 6843 7088 7670 8069 4377 3877 3936 2904 2288 2962 6613
179 4086 1554 6596 2640 1375 4354 6003 8505 2798 4441 6413 7903 4274 9230 6224 1668 7933 1348 238 450 9007 935
180 7906 9438 7943 6596 4588 5814 8266 9307 8816 6947 1242 2327 8005
181 2623 3580 572 8415 4894 1717 2913 7178 344 5253 454 7413 4658 4784 30 8307 9244 1979
182 6540 3695 4456 9631 7549 9257 6082 7077 1214 5089 8696 5492 3081 5643 4870 2555 979 2
183 4406 4795 1498 4322 5225 6161 4234 55 1680 3257 5458 3046 9727 8958 8593 3607 7438 5715
184 445 6519 5650 6318 6903 7010 9909 9741 5313 8933 7267 148 1145 2013 3032
185 5622 6479 3791 1101 608 4618 1140 2033 7310 8369 6044 1524 9523 960 719 8797 2986 9367 5507 6534 1668
186 795 3815 9939 7079 4085 2491 3194 8760 2569 9369 1940 1401 3207 4180 6067 1534 3964
187 9788 7175 7795 4797 6598 654 9393 3812 2488 9564 2349 415 7898 8428 6404 7438 6827 9533
188 6173 8100 8492 9903 5401 6896 7220 1641 5827 1441 8133 4415 9745 1375 8484 4132 2339 4765 4286 4326 6692
189 1531 1064 6225 6711 6822 6015 2139 7790 3234 1956 6045 2424 1473 6112 6614 5799 945 6084 7795 8342 2538 2904
190 4712 1375 8769 3971 856 8388 4822 6775 3379 6134 3168 5479 7561 7413 420
191 516 793 7714 4622 8637 2195 6866 4730 5141 9668 8428 4397 3407 7954 8406 1668 935
192 3574 595 9618 9839 6490 7943 7984 7775 6507 3128 5145 3156 2025 8378 7413 1668 2962 2240
193 8165 1458 6175 3541 307 9025 8435 3859 3687 5230 2313 7274 7604 3377 9947 3936 3521 2790 5762 2962 3074
194 3831 432 6021 3183 5279 1655 4980 6239 9198 6506 896 2818 6014 5053 8130 5445 7883
195 1800 1892 7144 428 7909 6379 8441 8235 5172 5384 5345 8888 3937 2732 5566 2555 7822 8812 2240
196 6740 6021 9935 4034 630 3900 179 3021 1663 8796 6611 7429 7519 7949 321
197 7161 3977 7501 9049 1907 4437 7209 9281 713 7084 7765 973 3279 6102 2555 6938
198 341 8680 4348 1133 7957 9556 1290 302 7395 7974 6283 1812 8700 1596 7481 2327
199 3244 5086 1553 2675 8616 9965 2423 7435 4438 1571 62 7291 9474 8193 979 1343 5762
200 569 8970 2991 6261 6889 5881 6402 2058 3287 9538 1729 3589 6545 2013 8716 5869 5412
201 6744 2090 3229 923 335 6378 687 3714 166 5003 3985 2638 6030 2182 5437 427 6938 5762 5962 79
202 4335 1135 932 2928 1498 2064 4097 5845 5200 8156 9336 5771 9230 1524 2240 321
203 2599 7102 4000 9967 9972 3844 6725 6370 3255 1238 6938 7949 7652 5962 2962
204 2411 5307 6759 5028 5349 9308 4943 4054 9818 6208 7410 8806 2512 6360 9717 8081 3673 5088 2904 6538 8491 3012 8134 8005 2962
205 1255 9214 4966 4914 2826 7099 8046 3683 1484 4397 4909 6879 2345 7933 7438 2962
206 6806 3074 4153 7346 7934 943 1741 8416 6679 1223 7064 2139 1876 4898 7751 5307 9968
207 5930 6746 2547 3076 8619 5265 1157 977 429 5671 5412 3964 7699
208 4289 4141 5640 2976 4338 260 1210 1854 701 5726 9709 116 2892 979 2986 7883
209 9683 3361 1749 11 2277 4282 4373 1460 7355 4518 7240 7737 9852 7790 5869 6101 2962
210 3066 4417 8061 3665 4506 7949 1640 4847 5789 7727 3138 3255 4917 7912 4400 5762 4679 7762 2962
211 965 3080 4650 7575 2478 7295 708 2325 1756 2549 6548 5649 1950 369 1784 5099 9533
212 5537 7594 328 4334 4848 2805 1241 4839 3976 2262 3088 3543 1736 719 2155
213 6320 9971 2937 6636 4809 1789 405 4255 8942 1257 1871 903 3727 2407 6675 4958 2699 9075 8130 3012 79 9968
214 7109 7454 8648 8480 3892 5075 3605 4087 4884 4094 295 6053 177
215 7836 3307 6063 4236 2441 2178 6603 8956 4381 5198 9608 8487 3526 7263 279 8830 2679 4909 3012
216 7471 6809 4871 9877 8192 9203 8950 5571 6131 606 2555 8193 6672 1668 1984 79
217 6223 263 6931 6996 6152 7573 8361 4166 2228 9650 4437 9483 9573 4176 7699 2155
218 1340 7797 7091 2891 2284 1381 6070 3591 7098 5401 3380 3232 8345
219 4713 7135 8709 8344 4375 814 8229 843 8448 3751 6613 9950 5355 7191 6547 4885 1216
220 629 8134 9961 782 3662 2964 1676 5669 4095 1302 3365 105 2239 3835 6613 3877 2962
221 7757 882 6768 7580 2650 4607 9821 5063 6806 6542 4674 108 1984 9271 4923 2615 4531
222 2351 2217 1130 7436 1564 7559 8225 6141 4735 5267 8396 552 9139
223 4812 2854 1832 3600 8014 7263 5070 9313 4019 5121 6671 4664 2538 5715 5122 1429 4035
224 1984 2723 6471 1910 7672 795 6403 7860 9540 3436 9263 2965 1504 7034 9885 3012 4314 9197 5412 321
225 2767 5189 1443 5835 7059 1768 5255 7139 2358 7755 420 5053 6295 5212 4151 6938 2962
226 5076 6529 7449 4167 3152 3275 1443 7152 7664 2450 9114 7200 9023 2182 2 5715
227 3941 5523 7068 7726 1893 6747 4725 8874 3327 4715 6780 3404 3541 7012 2 3982
228 9034 7866 6977 6730 226 6313 2301 3217 9986 2745 2133 3352 9940 2699 6296 6938 2 3074 2240 2962
229 4833 4208 5655 5197 6291 9467 7710 7626 5179 1011 4173 5303 3894 6827 3103 2240
230 6861 9623 1041 3426 2383 8055 8810 3940 2254 8631 2933 1824 4030 4065 6534 9013 8134
231 9634 168 4 6937 180 9192 1123 4148 3822 2894 9797 5117 2685 321 5715
232 1154 9204 1271 3984 4773 8536 1379 7317 9630 4035 7786 105 979
233 8943 2830 7242 8650 8972 5700 4857 914 3992 7852 5445 7699
234 9571 5670 759 5828 3562 9288 4029 3530 1838 4558 8197 6139 135 6766 9129 155 7786 2240
235 8037 8811 332 3830 1247 9677 7349 3955 6704 3889 3975 7221 3557 5402 4101 5604 5253 3095 7883 8671
236 5655 7157 670 3520 5960 4271 9302 3818 3191 5949 9037 6100 2345 1619 1981 4786 6701 2962 6635 979 2643 321
237 6485 3369 267 2747 6592 2853 6741 813 188 2421 2780 4517 4784 4484 3376 6029 6613 2288
238 3254 6013 429 1812 1209 3977 5069 5853 4896 7469 2437 7652 2655 3704 183 6482
239 6821 4418 8769 7527 2341 8330 3616 7651 4072 1004 6584 6986 2327 7669 1763 3012 8994 321 2962
240 4096 4876 2523 3300 1991 4239 8777 631 3395 2240 2962
241 7094 9157 1652 6771 2253 9413 1401 4185 1555 9632 5572 4783 8116 1668 6938 7153
242 3483 1544 8810 6845 2725 3688 9984 1099 3499 6584 7968 4341 2630
243 979 4557 5347 3730 3078 2424 966 1013 6685 7868 5017 1152 8332 5112 5848 8711 9533 79
244 969 177 7912 5259 6969 979 6600 3484 7395 9750 8816 1322 3362 4118 1134 6547 6613 7413 9533
245 6476 5965 8419 5305 2067 1346 4998 2305 9768 5413 2884 5211 9842 4020 2240 2643
246 3493 8113 6050 38 8350 9801 2314 2189 7102 1094 2298 88 8053 4340 1962 7762 2
247 953 287 7210 8814 3909 237 7622 9878 4533 6442 6567 3001 4891 8027 8387 5762
248 2297 2811 8728 6587 1167 8007 602 8783 2476 5634 7533 8129 1391 847 4628 6547
249 8027 3768 2118 2222 2226 57 1075 2513 2869 3539 3305 1884 9433 7454 9965 2790 6584 9301 5412 2986 427
250 6179 1783 5005 4818 5370 8363 3230 5705 394 702 8883 2804 9952 9013 7296
251 111 5973 7835 4377 1025 3890 7866 3763 3405 4729 2447 6732 3029 7240 2240
252 4662 9720 9253 815 986 9386 3787 8108 1939 6031 4354 6264 1774 9842 79
253 224 5929 2439 7085 1889 1676 9901 6108 4203 4318 8292 1642 9834 450 5412 9930 412 79
254 9694 1390 9495 2635 1141 5981 8306 9610 384 3827 2393 2688 8478 8386 332 7219 5862 3894 935 8406 7153 2240 2962
255 4694 2965 9494 6870 662 2404 6770 9851 8728 17 8112 9503 3106 2643 9842 311 5715 4314
256 6666 6873 4119 8986 6074 566 2 223 5593 4501 4966 976 6687 2017 2532 6747 9696 8773 6613
257 9191 6090 9904 4429 7319 9291 341 2291 4902 1081 310 2986 2962 3894 5715
258 3839 3204 4433 7687 4008 1687 4272 7400 6232 8004 374 2038 3154 673 1105 9197 3379 625 9545
259 4562 3401 1669 3070 4001 3671 7095 4383 5890 471 979 4035 935
260 2802 5428 1850 699 3808 3946 1314 4800 7345 1179 4967 2891 1206 2740 9244 5397 6547 3468 3012 2986
261 9522 2223 3956 8769 2984 2318 4032 6741 9234 8752 3339 8961 9757 5507 450 3894 7652 2962 2240
262 5544 4691 6644 9512 2326 7605 2529 8107 7475 2990 80 9616 9443 1343 3032
263 2962 1565 3599 5714 6444 3856 4824 4965 5291 1492 4924 7980 9707 4199 2327 6153 3012
264 5340 7719 9836 9537 9199 4824 2299 3897 8381 9530 2598 714 7051 6314 1812 1580 3541 4199 9453
265 7374 518 744 4606 9261 8247 1161 8806 2171 4541 2413 9616 6395 3700 3532 8722 9638 5437 8134 7997 6613
266 7869 5703 9349 7761 9286 8348 2426 791 8144 3011 5972 6643 5014 6453 5594 6054 5715 2240
267 1041 1446 1928 7312 2760 8731 4035 1545 890 4473 399 910 5304 8008 9573 1534 7240 6428 9848
268 25 1958 6701 5050 9179 9746 6243 2345 3927 3831 8358 4634 726 8396 3731 2652 7153 2986 427
269 3618 6341 7301 1907 9472 8724 3088 8019 8433 2479 4784 8716
270 9120 5604 3130 8542 4358 7510 8746 8943 2500 3405 489 2806 352 3077 259 2 6938 8994 935 7153
271 8318 8909 5811 2139 5373 7688 3409 3751 2312 4267 6992 6622 524 3088 5677 7880 7153 4901 7652 935
272 7200 7705 2770 7372 6651 24 5554 5053 8961 344 9709 7077 2456 2516 1445 4728 4352 7266 935 79
273 2642 8132 9277 4743 4042 8518 3021 1519 8211 8476 183 7088 6938 5643
274 4523 2769 9702 2936 5054 7646 1323 8528 9380 1896 4555 5466 6049 2 3316 8212 5848 2555 1668
275 7455 9440 5777 126 3741 3094 757 1724 6145 2048 182 1045 1524 8134 199 7615 6613 1668 8994 2
276 7947 7279 7910 120 7005 4921 5660 2246 5024 3166 4314 1287 139 7234 4311
277 522 260 6682 5049 288 3597 1132 9353 1442 6304 4843 3103 3521
278 5067 6658 4750 9127 3886 3131 3975 2195 6049 2305 2690 9811 7179 2240 2288 8406 3012 9968
279 2265 9481 9620 6736 4571 256 3477 6673 8007 9540 1112 7652 9106 5384 72 5373 6134 8116 9834 1670 2340 9968 321 3877 2
280 3775 3305 4525 9679 8149 2297 1061 2633 5383 7913 497 2653 336 5880 4020 1534 2240
281 6085 3895 3948 8903 6209 4974 5489 7058 4489 5556 8340 321 8618 1299 9197
282 6098 9716 7338 4040 716 6315 9517 1637 4070 9315 3949 6369 8776 8015 4034 6170 2 321 2240
283 5771 6209 4528 9033 9279 6864 6184 8259 7469 8086 8066 8538 1579 838 321
284 1065 1632 572 6987 8552 2245 3732 9697 7052 826 18 7968 8307 2
285 4396 7434 8860 9263 2604 2236 8925 6630 9283 78 1113 4356 2918 3544 1658 8387 2013 5715
286 8833 3575 1378 3576 4789 5638 9539 6 4292 1040 2888 6888 9144 5064 8386 5756 9007 1668 3074 745
287 5746 3160 3176 317 7579 9472 5630 6892 8480 8898 2689 8247 6967 3905 6889 9842 5715
288 4291 4809 347 9349 9187 3057 3485 8068 2988 2882 679 6248 7511 8910 9848 6827
289 420 7476 3169 8685 7217 3081 1461 8388 9600 1371 9622 4627 183 2950 3779 1877 2711 8832 8812 2240
290 4124 845 2790 4318 6699 6012 2919 4892 3141 368 5340 3584 79 4901 2962
291 3011 7202 3041 6250 3512 4408 2849 6406 3835 7933 1491 9384 7864 4720 7266 7880 1105 3753 3012
292 293 9598 8491 5507 9734 8021 8029 9495 5686 6784 2199 2928 636 9107 135 6584 7949 3074 4020
293 7614 1971 5023 9091 5899 9797 903 9720 7411 7647 859 2758 3468 2847 3064 8932 2288 2962 321
294 3359 3600 7120 3833 2974 2097 1220 7105 3901 3667 4652 4329 4176 6895 4664 8043 3012 9007 8387
295 3793 6568 5959 2377 1915 9170 2641 3495 2005 541 9990 3830 5099 3728 5748 321 300 9533 9244 6613
296 6365 7180 1573 2020 4274 9120 3665 7365 2232 4851 1283 9445 9755 9296 6592 412 1105 5340 3012 2 2962 1668
297 6527 7632 6012 5395 6294 4495 3878 2277 934 9848 9199 4352 7759 6327 6938 79
298 4549 5683 9618 4994 4654 6329 2369 9341 413 9568 5131 1986 3757 7771
299 5167 5121 9914 5417 6000 9829 2409 5613 2513 9721 4885 518 4627 7333 1791 8693 1299 5715
300 4077 5391 5403 8014 7632 1907 3299 998 7320 5219 8698 6766 1380 3532 7335 5150 6376 1557
301 1791 2017 3216 6928 3819 5629 4048 2736 8375 1572 5751 4404 8250 700 1004 7842 4680 8396 3163 6549 4377 2
302 5515 874 4230 1254 3359 9359 8815 5707 1147 9730 1761 9444 758 2745 4985 7709 4855 79 935 3144
303 2663 9030 936 5313 84 4853 9889 3123 6142 5715 9364 5174 3285 3748 259 2790 5869 3830
304 4933 3995 3690 15 7823 8889 5298 9153 5509 3679 5700 8105 3507 2 2962 2240
305 2579 8337 7001 9302 5066 156 1485 9734 7082 7781 9260 6959 4025 8366 269 321
306 4132 8944 9484 8773 8686 6156 5884 6621 8490 1902 8425 8722 660 8130 1774 7949 79
307 1856 3434 9526 2570 7846 2791 4019 9866 8221 7478 1085 4936 3244 4948 76 5899 4020
308 1207 6628 318 3488 8137 7614 2701 9881 1491 7207 8498 238 4626 7413 2240
309 239 9547 613 158 5713 716 1995 3232 6200 7463 1849 4740 4152 6931 6216 1774 5715
310 6455 1706 2276 9575 6485 3692 1325 7883 7276 2104 712 6817 5871 1774 2962 3032 79
311 843 2932 4587 862 2022 5003 6136 6144 8659 115 2636 7597 4101 5662 7579 3102 3089 8711 8431 9968 5880
312 2110 188 3414 2325 1150 5400 3048 3646 7882 8708 5516 8608 5188 1683 6460 7087 3894 427 8644 6613
313 8541 9423 9246 9118 8379 6833 5218 9392 692 7435 9440 7018 2902 1125 4352
314 6733 6773 6147 8476 9383 6247 206 6465 2826 1760 1335 8233 8125 780 2643 6613 2240 2
315 6746 8633 1678 6467 6751 8116 1199 1712 6509 2665 2873 2932 6797 8049 6778
316 4607 8941 8131 4724 7975 2918 7023 4268 9550 6526 471 2615 896 8671 4348 8345 79
317 6331 2220 1768 1620 7040 9648 986 3977 5687 6423 5064 7153
318 6667 5101 1082 2323 7034 9880 7688 7659 854 2984 4351 3677 1731 6802 9376 4843 6635 6613 5748
319 1379 7147 2813 5341 1750 9657 7848 6110 8997 34 8176 2938 186 3462 7320 8345 1962 569 8930 3586 5902 5064 6258 2643 5962 5715
320 8962 8089 372 8331 2539 8909 9061 6812 4297 2430 599 1992 1984 321 5715
321 9637 998 103 7253 3157 6531 6367 1944 7140 2850 3146 4664 8726 3032 6613
322 8918 1954 7652 8001 7809 8549 7648 2928 9271 6854 5880 3830 9075 352 2962
323 2968 9727 6581 526 2939 2802 3453 9370 8775 4507 4713 9685 6751 9688 2 2240 7413 6613
324 9774 6505 5198 4928 828 3807 6291 5509 7471 1195 8371 1236 2982 7606 7274 8644 8830 3584 9533 2240
325 3669 5244 2182 7861 5699 6977 8892 2235 1038 7795 6982 8604 2746 318 30 3811 4020 4526 2986
326 5222 3288 2844 4451 903 2695 8865 6829 4314 5775 5925 1134
327 1233 8311 2051 5003 5086 4475 5115 1845 3034 4588 3857 9224 7296 3783
328 7244 9774 5722 6393 1979 5444 5748 5393 7060 1425 3669 8794 1181 1428 5204 1323 7001 9848 8994
329 4364 6209 2657 650 2873 4814 360 2393 7324 7508 3175 1359 4527 7285 4176 8644 5383 447 9968
330 1669 366 3600 1781 4276 4057 8482 6351 9828 3805 680 2437 5962
331 7962 5063 4134 9597 767 6368 1668 712 2564 5335 4927 3085 7090 3665 2595 3303 5219 9968 6534 5340 148 6938 3012
332 3898 6714 583 1739 1449 8891 3092 5167 8698 1469 2440 1344 8645 1751 264 2013 6054 9968 2240
333 7657 7614 6947 3354 4844 6280 8518 4704 4696 8277 9415 6781 3545 5451 2643 4035 1145 8431 6938
334 3605 4433 2126 1018 5810 3341 4319 9581 5994 560 6681 8427 7088 2095 5397 3395 8005
335 9039 338 252 9471 5435 6934 6614 2788 5250 1017 6486 1775 4314 4442 8498 9178 6030
336 8 3129 7579 6544 8065 912 1999 5579 763 1495 7973 9759 3753 2732 4352 7652 4199 5715
337 1166 2365 8649 6109 6868 7152 1750 550 9108 6577 2072 5715 2240 6938
338 4345 9373 8031 2643 3966 8138 4087 3768 6765 6537 5946 8719 6127 7733 9409 7833 1105 1904 9075 259 4901 9968 3894 2240
339 6046 2215 2259 9039 458 8374 9994 1478 483 9812 5065 6797 8716 5762 935 8711 6538 5064 9075 6938 3074 7438
340 2856 8973 6647 8113 6422 1204 9828 7092 2501 6103 735 4846 279 6537 7153
341 4228 6165 2269 378 6514 8918 2889 1217 8571 845 5101 300 2555 4035
342 6421 5094 7886 8005 9981 4994 5553 1355 7698 3751 1558 887 9368 9236 3894 3528 774 9138 9007
343 9816 1495 5401 2343 4294 9666 8161 9998 4512 7664 675 1784 8397 8847 5331 7922 5880
344 5261 3273 1162 1519 1727 6599 1278 2202 5030 8332 5643 9172 9230 8387 3103
345 1730 1446 3448 9843 7532 7062 4386 606 4323 2204 5996 148 4893 2114 4765 569 3074 3877
346 1263 1775 9818 7652 9813 982 9697 4933 3123 397 4321 1987 485 9216 8293 7762 7120 3316 5219 9533 2962
347 4695 1859 7016 2349 5585 3598 7441 4973 9385 4481 8232 8482 8644 8462 952 6049 5715 9533 3032
348 6927 5678 2202 8567 753 3016 9424 64 8105 2476 650 2418 5728 1429 3012 935
349 503 5161 3483 1936 7846 7757 913 6602 7829 7949 6487 1625 9404 9337 8484 4697 5326 9848 1668 2962 3144 9533 3936
350 318 397 999 9382 1603 1335 1479 2591 9722 731 1446 1870 267 4108 3537 6938
351 9041 3544 4429 472 5169 3614 5041 1021 4907 756 6029 4326 321
352 680 2516 4453 9912 1685 5267 5203 8279 5552 6212 6239 404 247 683 3540 1763 7762 5962 5412 6153 2962
353 3485 765 5148 3704 968 7811 3772 7904 683 6910 1413 8760 5789 9255 2898 1752 2288 7699 2240 2
354 4969 7693 2215 2360 6452 7761 9479 8166 865 910 8832 2192 867 6327 4035 4199 3830 5340 6030 427
355 5500 3907 3842 1109 4414 8978 9914 1294 1658 8065 4169 5401 3350 9442 7044 3877 5748 3012 6538
356 3306 9846 7518 1390 9898 4563 9699 18 4354 8976 5527 4302 3023 2630 3830 8293
357 6247 7369 8388 7086 3143 3023 1516 326 2695 374 1313 3022 8470 4314 8685 3877 2962 2288
358 5565 9544 1567 1545 9826 6458 948 1220 1930 1749 8855 8234 7466 4612 1234 7204 6945 2555 7652
359 6287 7127 1893 7095 2228 2469 7423 6158 935 8241 9295 151 1216 6790 352 3836
360 7334 3669 79 420 3516 3382 9708 5457 641 9339 7331 487 4369 4108 5132 3006 7133 6584
361 6430 3370 9432 2345 6301 8881 5478 7625 6214 9368 3183 2022 6453 8209 4179 6844 5677 1774
362 4271 9271 6990 6924 8586 8847 4640 3003 1901 6967 5052 1652 6275 1784 8105 399 250 1986 6938 935 321 79
363 3159 8336 6258 7221 3077 225 3576 8002 8146 5860 878 9773 4187 8590 295 9784 1702 7481 6161 9129 5064 6712 1668
364 3817 5294 7840 4385 2558 1842 1493 1979 2623 8568 1128 3958 4923 6600 7868 8495 6101 5412 1752 420 3074 5715
365 1938 9849 5452 6512 3367 3387 4154 458 3427 8462 8125 5962
366 9333 3586 7791 8115 2615 4822 1922 1186 5472 6484 2385 3919 2686 1625 3077 2288 238
367 9757 5386 6524 1609 4620 5116 1543 1716 7177 2438 8384 9661 7756 8714 5219 3012 745
368 1344 2566 7006 1450 7744 1161 9195 8326 5788 4206 3384 8043 5401 450 2232 6538 5715 2288
369 7274 2447 6447 8828 8015 3778 4936 1151 6878 9174 2735 352 2611 3728 79
370 2857 2313 2434 4198 416 630 1716 2562 8143 7399 3409 2604 6984 259 1984 6938 7296 79
371 1239 9042 4924 9839 792 2700 7690 8484 7183 5177 2941 9074 4752 1918 838 321 4199
372 442 8864 2266 58 2133 9738 4055 7961 987 6734 8525 7723 6721 8344 8068 4020 3377 6054 7652
373 2126 1594 3871 7359 1625 9967 7640 9288 3105 8308 133 6196 5386 4352 3836 9461 5880 6938 2962 79
374 1053 6453 3666 957 2267 6142 9059 1543 7293 772 8313 8982 2412 9615 3894 2
375 2212 9227 5516 2149 7191 2287 722 1916 4372 5759 8024 6841 6101 219 4060 8491 1625 8994 321
376 3873 9132 3238 1745 7321 692 1317 2762 9305 1747 2047 7396 6807 6168 5482 7949 6022 745 7652 935 9968 9007
377 2902 6091 6849 5809 1836 9934 4309 5439 5551 6547 4350 3830
378 5484 3592 9440 8292 1108 570 8127 8284 9698 9640 2013 4035 4647 6014 2327
379 5942 2111 8119 9216 2051 146 2445 5107 1814 4418 2238 4010 8269 8134
380 5551 7687 7811 1083 9720 6644 3507 7707 2423 6971 9920 8110 2209 548 2583 3074 6258
381 6462 3328 9610 7554 8735 2205 5239 6838 1751 382 9723 750 9688 7652 1238 9968 2962
382 7943 7429 958 3687 6615 4630 8854 7779 2738 6786 6389 4489 2373 7167 1058 6030 4377 208 8994
383 9516 4158 123 3837 4330 2325 5797 3954 9844 4345 5116 2449 5917 7509 2121 1383
384 9092 4766 2780 1133 9442 5529 7407 5184 3828 7975 295 2085 1105 7413 1668 4958 3982 9533 3023 7883 5748 79
385 3067 1555 1828 3989 5533 4576 7262 4543 3763 1494 3303 2349 7 2 1668
386 1910 6130 6656 5183 9802 9739 8673 9341 3711 5154 9455 9654 4260 1571 7997 4035 5437
387 3970 7696 8760 4009 6923 2851 7825 7766 4495 915 9453 3163
388 2042 2891 9456 66 6670 1365 9542 7657 9737 1395 6480 2892 4951 5902 3316 9244
389 8736 508 6784 9403 936 2220 4125 9574 70 8345 9757 4786 4855 3074
390 8384 5417 9849 4693 4413 6916 326 1342 5824 7151 3746 2873 1430 3509 7474 1871 8125
391 3334 2464 8953 5064 450 3620 6045 2802 6043 185 5192 3635 1400 2219 7709 2962
392 9429 8841 5944 3505 3381 5683 3947 5726 9788 7693 7993 8455 8848 3877 5762 2555
393 125 7135 6674 9507 7111 4611 1611 6221 9464 1992 588 5333 4035 7006 3249 9930 7699 6404 2555 4855
394 4461 2540 2752 3137 1877 1345 6530 1094 6422 8055 6564 5391 1132 9806 6030 5156 935
395 4142 1582 304 9351 105 3664 912 5872 3840 3246 8736 2441 2857 6354 8068 8043 9197 753 1105 321 6613 7762 1668
396 5302 250 1091 8522 2339 4537 3282 7638 8701 2501 852 1029 5277 1253 6137 7709 5715
397 7611 8944 9017 2465 7609 3324 8168 1391 9043 1072 9299 2520 7 2191 5962 79
398 1101 8585 2221 1683 867 8518 9997 4160 3764 3218 741 6765 7759 7895 3081 5767 4199 9007 7949 9160 8005 2 321 3982
399 1046 8222 872 961 6077 9222 1834 7459 8870 905 3434 6376 1774 3758 2240
400 7804 5150 3249 1734 1573 6626 4385 9614 7246 8291 7717 8499 2422 3377 1668 8431 2340 2962
401 7275 7807 2945 3682 1010 2086 8169 3981 8431 4024 9208 858 4553 1904 6762 8386 5178 7652 3982 745 5715 2
402 866 8640 1452 9581 921 2540 8897 3896 2732 3321 1345 8420 217 8930 1668 1238 569 2240
403 3396 4300 9721 2518 3665 8915 895 3966 3407 7818 57 9133 9065 8830 6945 6161 79 7652 321
404 7989 5743 5663 2964 9389 79 2420 2348 7351 5362 8838 901 4459 3723 4020 221
405 820 9004 7193 6837 8334 1503 4637 1902 2133 3104 6270 7792 3590 5111 9008 2673 3936
406 9034 5684 1555 5446 3464 1482 3411 2386 6790 455 4982 8370 9990 2 4199
407 7172 5709 4877 9813 3010 2912 8659 6309 4414 6438 3053 876 9464 8293 3981 5445 7438 9533 79
408 180 6871 8915 2054 2471 2678 6791 4479 6331 3964 5748 2155 79
409 8930 9826 177 9106 379 1929 4697 230 8136 6390 3633 2543 1696 5935 2201 58 5317 7653 7710 9842 7699 7575 1774
410 7710 9456 6702 1786 5294 2156 3975 7934 6074 8501 2182 1603 683 7153 5125 2064 2910 4544 8716 1216 9961 6178 8105 2327 7762 2 2240
411 665 6430 5733 6453 8180 3317 6689 5409 4315 6503 2438 8105 2555 9669 427 321
412 9769 8291 7433 2196 3765 4416 7240 1911 125 8996 4261 2 9244 7153
413 165 6921 8010 1574 318 3190 6740 264 4738 7317 8930 1383 5962 9199 935
414 3092 3636 1207 7376 3401 8574 1745 4466 4617 2898 4385 2155 5507
415 8620 7535 8577 3578 1369 7211 8545 5155 6071 2483 8492 5880 4765
416 8607 8300 5019 513 8141 8437 1568 7044 6417 4999 3973 465 1800 2240 9013
417 1500 1585 6864 1278 4887 7020 396 4401 6472 6303 3059 9607 3936 3023
418 1592 3573 4895 7640 338 807 96 4350 1531 9689 6178 8711 7864 5412
419 8193 1962 7340 4449 2991 5596 3742 6345 5837 7756 1531 4710 6336 4765 9917 6161 5775 3012 5507 2
420 8294 9276 8640 7859 2513 8343 7023 8033 9678 4604 9376 2542 41 5372 1820 374 4901 6938
421 2875 9454 2239 3358 5441 6568 9428 8483 848 1968 2847 2985 8043 4311 2409 5962 321
422 1631 5719 4238 8600 5583 1964 5928 7284 3629 2989 8720 5652 3670 183 7009 3025 5397 5962 79
423 709 9451 8986 2747 8995 3560 6848 3454 425 7126 5249 5169 576 3580 6264 5775 5060 5848
424 4428 6144 6186 5137 579 966 1295 1302 5535 8752 9852 1289 7896 4664 6677 9842 1934 6021
425 1041 3624 4696 6609 6066 3295 3219 3460 8378 956 2651 9545 8387
426 2269 9964 4834 573 4071 6638 642 4944 2668 6010 1112 7013 9294 3794 1939 9028 2773 2630 3982 3074 5962 6613
427 4865 3092 6804 9458 5353 1032 607 2586 4164 1218 3875 9842 8293 4311 8512 6613 8994
428 6147 9313 3974 6789 1496 7877 5864 1988 8783 6270 553 1042 2058 6049 3074 321
429 7492 707 2689 8038 5146 5173 8657 5911 9114 8081 2327 4199 2240 79
430 2084 7338 6361 8402 449 7413 9065 8759 4096 3806 5353 960 6759 2904 7026 9244
431 8151 5015 2263 6531 2834 5038 8210 2522 8902 1518 7700 1873 3728 7429 7699 7652 2240
432 3775 5748 2894 9965 5225 2189 723 3369 3111 1888 7735 6512 9968 2820 7912 1101 4967 3371
433 1990 7907 689 809 6150 7147 88 4078 253 9859 8476 5231 2768 8671 3894 3371 1625 4311 6613 321
434 749 7492 6536 6377 4910 1115 1175 7457 5653 8754 2161 3905 8134 1668 3982
435 5018 3611 2296 2013 1059 3153 7340 3662 281 2203 3683 8125
436 9055 3602 4872 8590 6083 4181 1288 6023 5912 478 6570 4959 7861 5523 9349 1731 3936
437 916 7287 8614 6480 4604 7740 958 5175 6724 5643 5318 3001 519 6641 7615 860 4909 2114 4034 7153 2555
438 6767 1372 6667 7186 9202 4895 8208 2826 8968 8522 3792 1670 6635 7545 9453 9007 7055 3894
439 6139 7442 3468 2353 8291 2235 2355 3127 9219 8795 4935 9917 1104 7185 8856 1206 2146 8934 3964 7120 3936 2962
440 4556 6008 950 7614 3315 5499 3930 9671 3519 321 1059 7713 2512 3602 1668 8134 2121 979 6020 79 3894 5715
441 1488 3806 685 4426 2700 4326 952 4832 7839 6491 6047 6404 1797 3444 8462 9451 3835 3316 5412 321 6938
442 3271 7970 7087 2053 9216 132 788 9497 8184 2396 8182 8963 6587 3753 9834 5677 5412 2685 7575 9224 2962 7652 6938 5715
443 5038 9422 1539 3505 7721 6136 5996 5722 4108 3192 7071 2866 9062 4404 7698 5412 8431 745 8994 5715 2
444 7219 4707 729 7655 4188 5348 1744 3816 3312 4679 6527 3719 6537 6539 2546 3894 2240 2962
445 3779 4428 2902 8292 753 1768 7664 5306 271 4469 4930 2260 5053 3331 1311 5742 8462 9007
446 4723 9297 4349 270 6030 1953 6551 1246 2611 5370 419 7887 7393 2739 8832 2595 7732 3004 427 7575 9461 2240
447 1581 4178 9710 8504 1465 1394 5831 7003 1240 3265 8896 7748 5082 6196 1060 6608 9007 352 3012 4199
448 2718 3315 1669 2183 2148 1707 6723 5138 4554 1661 9800 7806 4314 6285 8848 3004 6021 8116 7429 3371 1731 4199 2240
449 7435 70 4303 1753 7040 6627 4774 9893 8470 9227 8699 2453 9383 4679 3074 79
450 9633 765 5608 6309 3802 3915 649 4701 2308 5634 1574 8307 2555 4107 7732 2121
451 42 1262 2514 6698 8934 3346 4168 6205 5671 4138 4710 9089 9465 7240 1496 7949 2 3982
452 504 3831 1693 9891 8751 4174 4432 474 7874 2669 6395 9722 8994 4340 3023 9178 9979 9199 6938 2962
453 6591 1171 603 4962 8749 5172 9535 651 8156 3072 8832 5310 6564 3044 7001 1105 450
454 7668 9890 8562 9554 1633 5969 1472 6163 5090 5658 3326 9931 2981 8308 498 8140 200 5341 9265 321 5715
455 9715 1933 2290 9834 1189 8691 47 5203 2710 5156 7949 9013 3077 1238 7762 2962 2615 5715
456 745 1760 9426 2441 3323 6358 8074 9138 6804 8264 4826 9416 4765 7044 2480 9270 9968 935
457 8107 3981 3110 7440 3438 1525 6421 4479 192 8578 6691 1869 1934 9968 2240 7762 2962
458 1675 5558 1160 307 2372 275 8727 5451 7290 2455 9622 4616 3232
459 647 9252 7448 1393 9684 2354 5830 8687 7802 8929 2031 613 8665 4385 2805 5138 8528 3509 2986
460 4932 7499 3398 667 6656 3061 766 8452 5613 7099 2318 6365 8391 2994 79 7652 412 2240
461 8505 7397 1268 656 2604 4264 3259 3395 9257 100 8438 1821 695 876 5193 5307 3586 9007 2962
462 1410 7997 6290 7789 6454 5334 3725 4035 8326 3157 8924 1802 8619 5219 2
463 9502 3301 8631 4663 3682 2803 6206 2244 3463 6283 2668 6621 3877 7219 9533
464 9239 8924 7838 6511 7991 9245 6501 3214 9974 873 5894 6305 2768 4958 4855 7880 2962 1984
465 1945 6272 4128 5959 6748 2601 7005 3797 41 4659 415 3052 7200 2666 8599 2538 2121 5412
466 6631 6547 9323 854 3221 8632 9032 5841 8008 2573 2695 154 2798 4414 857 2555 4855 2240
467 1993 4380 562 6933 9474 8352 9889 4212 756 8725 1347 2121 6298 7968 4664 8711 935 9842 7153 5715
468 7529 3861 8868 2783 1548 8187 6240 2469 4138 1476 732 3163
469 8992 1021 9512 7560 7203 793 3793 5983 3471 8406 9299 3103 3830 935 321 2555 2962 5715
470 3365 9326 7383 6312 2935 953 7030 3335 8700 4156 8121 8722 7379 6404 1871 8812 7652 2240
471 9772 2095 3232 4644 9011 4704 2062 2530 3134 4075 5916 6406 199 8043 9533 5715 2962
472 1938 7414 730 4228 4022 3982 3056 7372 4604 6958 5015 8920 5668 4129 76 3602 8406 935
473 8304 8805 6915 3078 9531 3133 3468 8889 3313 2932 188 4914 8059 3023 935 79
474 4730 768 4308 1455 8687 3614 3405 9571 3206 4770 4369 3395 2676 9404 5003 5340 5962 6101 9968 3012
475 7408 6323 2471 4281 2693 3559 6328 1037 6267 4113 8966 7652 5097 5869 8663 2962 6692 5962 321
476 5175 5857 6332 3816 7839 24 6115 5733 3432 5082 5384 1486 8011 2439 8748 1429 1750 6073 9930 8994 8491 1534 2
477 4853 6946 2058 6725 3392 1885 7213 7786 3664 1780 7496 7112 2569 7571 1773 310 8140 9834 4765 3232 8491 2 2288 321
478 3369 9424 6164 9941 590 4562 8240 7511 1437 8005 3830 79
479 3593 3618 3159 1920 8400 6173 5892 3652 5424 5375 2802 2668 2774 7001 5359 6538 7153 79
480 3082 474 9247 9351 1327 1878 7305 6950 3058 7702 4372 5983 786 7120 7153 4035 2 5715 79
481 2700 32 208 1406 1440 9456 5150 5907 8834 7636 1599 8794 1312 3547 9003 2986
482 5572 7315 1075 1835 766 4917 1517 368 1675 1413 5067 3828 3752 9852 4264 199 8491 79 935
483 6835 4097 1581 9537 4553 3336 1311 7696 7933 2305 7935 5068 6550 1289 5715
484 8755 5566 3698 3297 5498 3456 8665 281 2403 8058 5581 2598 6545 6997 9224 8722 5962
485 4889 7665 4483 6509 4508 6872 9871 7580 397 4393 4988 4011 1942 4801 2 3012 9968
486 5993 2372 6989 3327 5400 6143 8985 4206 4298 3677 703 5070 8428 8312 2902 5762 9968 3012 2240
487 6990 5870 4731 4286 1844 1911 6444 8190 7457 6194 5271 3714 3958
488 4839 5527 3987 4710 7359 9503 8005 2821 2947 7892 5288 8227 3865 6827 2983 9139 9573 3982
489 1027 4330 6593 7338 1806 6473 7040 60 9162 2331 9995 75 427 6938 7120
490 9360 3591 7819 7284 9699 8628 8111 781 5926 9037 985 7423 9211 7467 450 9197 8043 79 427
491 243 1808 2402 3262 9946 1185 6470 8403 8548 5748 4694 9076 5859 5458 6054 1557 2962 6613 2 8134 427
492 7298 2981 9710 1430 1455 9865 5673 2422 8520 4599 9554 9476 4457 7 9139 427 3074 9244 7153 5962 321
493 2328 8938 4175 5717 9140 1057 4149 1485 4169 5748 6404 6458 5715
494 5570 289 7108 7273 1205 4856 4787 2864 8411 8715 2146 8832 7861 9023 4326 3982 9007
495 5950 8751 8838 4287 896 2400 7150 7530 870 9968 8924 4136 2187 7968 4035 2643 2986 427 7153
496 7724 3508 9165 2174 5950 2812 8779 3891 7078 352 5783
497 2532 9302 6857 4517 944 9637 3335 775 3666 4907 3428 7322 6225 9711 7744 6608 6547 9453 6938 2240 6613
498 7012 5103 5124 9689 6155 9409 4660 4455 6635 1476 9538 8834 3192 4743 170 656 9999 4870 9995 9745 420 4901 4527 9842 8994 8495 2962
499 9251 9752 7091 2127 2958 9626 371 2080 1447 208 9842 7699
