100
0 9740 1313 8501 8406 1408 3274 9615 449 4362 33 9220 1913 639 6221 4634 8159 5787 925 7659 2440 9944 8926 6244 5519 6055 1140 5691 7462 7377 4705 6757 9519 5894 9215 3757 9709
1 5537 7794 7952 3971 5650 629 9003 4216 1275 5452 6044 2077 8509 8800 3339 9113 7101 8079 5142 3923 2201 1709 8680 536 9254 9947 6891 7226 9032 8922 1057 3705 1518 9246 2873 552 3767 2402 7585
2 5401 6054 8267 3149 18 3148 581 5238 1337 1207 2314 737 3885 5053 6960 3687 9340 6411 5403 8546 6060 4943 6795 1596 8388 7928 8503 7613 3702 5475 4396 6253 1671 1290 5962 2848
3 1171 8768 4206 9521 4052 4820 9937 3506 9004 7956 5167 2703 4748 5767 1089 6066 7161 4417 1494 7099 3300 5077 1013 4462 7917 4389 9572 5226 3677 9109 5334 4252 5947 4144 5411 2452 5461 5944 4807 7970 6120 332 9548 7721
4 5614 6522 8644 7211 4911 2759 2824 1275 6767 2812 5547 2810 9496 9206 9542 4294 7299 4389 6255 9208 5187 7297 4699 1577 3930 7556 2405 8342 7730 8327 6673 4313 1715 3702 7262 4926 6148 4410 8589 7633 4534 252 900 3849
5 3962 4203 6029 2463 3618 686 467 6035 5934 689 5651 4477 9286 431 4754 500 19 3339 3606 3094 2375 5319 8629 8832 3334 3462 6731 8209 8945 1955 4522 495 2845 4537 2459 9193 1290
6 4929 6481 7285 8652 7804 6082 9985 3191 6665 9803 9416 1606 9005 1926 1960 164 9266 2968 7987 7033 4059 761 4801 6962 4227 57 9713 6068 2708 2349 5158 2695 6684 5993 5714 4205 891 2384 8198 8027 5011 873 7450 5962 869 3097 2264
7 1333 8290 9312 5488 2468 5270 8560 1609 7407 431 1457 5239 7380 2255 3589 3454 9940 1140 3463 5152 8364 9733 5193 8446 6998 3609 7844 8149 2713 4994 8801 9846 9572 7242
8 6444 432 8393 1298 133 1049 2073 7464 8191 1559 290 5595 2355 6909 9999 5177 4229 7636 6585 2608 6712 4808 555 86 2018 5332 2978 25 4602 487 7514 3865 1844 1452 4100 9586 5621 1290 4247 7117 1954 3975
9 5915 4619 5583 1886 7741 9074 6086 2212 5361 8413 3324 3526 5725 1142 9695 3811 6555 3338 9308 507 643 4517 2023 7361 1297 6899 6210 6535 6387 6320 1163 160 2513 5450 3684 8537 4594 2153 1290
10 2517 9983 6842 7561 343 3276 8372 5596 5030 6827 2291 8917 4944 8161 6062 6049 7521 4228 2945 5237 3534 763 5786 7916 3798 6262 2479 900 3208 5260 9879 7611 8665 869 6830 3811 3439 4462 3583 2170 7892 1290
11 8212 7928 2179 5136 1466 9659 6860 7665 8813 5139 4721 4856 1199 5694 2339 6824 2366 3111 1238 2197 8369 8899 8581 5140 1156 7236 4127 2477 7266 121 4901 8034
12 8430 3997 8689 934 204 5827 4681 2888 375 5516 519 9639 5058 9706 4112 1710 380 4649 2446 1397 1909 4971 3797 7505 4037 4189 2633 8420 2992 2434 1311 6453 8021 7389 9422 7242 7585
13 2450 4374 2431 4311 8658 610 3563 7596 8685 6431 608 8822 8132 1445 8885 4354 3350 276 6248 8456 7085 1837 3886 3873 9267 3848 8429 9457 3648 9976 7104 1868 268 2274 2757 8271 4626 2264
14 2657 760 3704 6197 9130 3422 2673 9313 1589 8155 9022 5692 6439 7012 5751 2416 1209 1685 6092 914 3825 3110 5686 2951 1474 3772 6562 4719 1914 400 4253 7426 3385 518 4771 3007 583 1951 6887 1077
15 5731 5951 1562 2231 2403 3285 7518 1536 8897 4154 7937 345 2703 940 326 1008 2180 9177 9617 1594 7978 6706 808 8780 4894 9668 5406 7844 332 5148 1815 9864 2255 9673 4965 5594 9013 671 8115 3031 9661 410 9193
16 6822 4873 3215 8783 1401 9646 2932 8107 9228 6356 4755 5710 7821 3420 9181 3986 9432 5536 6548 6776 956 242 689 8557 6189 2943 9957 741 5640 6447 4258 494 5588 5921
17 9398 35 113 8749 9637 8649 1078 6672 4823 9777 296 4074 6172 4421 9873 2866 518 2783 6155 8550 3725 5274 4344 9836 1826 2815 6161 9417 6130 476 6401 2345 3042 4880 4487 4142 3867 1954 7624 2818 3138 3389 2848
18 6663 3922 2714 1500 2940 7800 8973 9089 2898 9925 381 5592 4645 9554 2832 3370 902 7945 9655 1562 2729 2529 1602 6190 5044 7607 7532 9703 6263 8685 4734 5974 6194 404 3975
19 1940 1385 7496 9326 5627 7520 681 471 7158 3662 2356 5601 4966 2871 9951 226 7479 9332 5868 8951 2688 1465 845 2188 8725 8206 4294 24 4983 2906 4754 9944 8386 1958 1888 4349 6887
20 1615 466 3210 1756 5113 3568 1793 3343 5363 6505 9690 4528 1045 684 988 93 3007 4412 8255 8919 9976 8311 7404 5374 8009 7922 3098 1911 9175 9271 9483 6746 4267 3431 3470 8751 4371 7626 6887
21 8121 6811 394 4633 4161 7255 164 1283 7843 3114 4094 9774 1124 755 2318 7182 9012 9423 3385 1821 8094 5106 1409 3038 4526 7052 2688 6929 6348 5518 7827 6966 5375 4839 7117 5921
22 3650 7209 5032 3286 8744 7385 7752 1461 7635 8550 6338 3769 2484 8311 6959 9227 2439 8294 8037 937 1080 8868 8798 9593 1467 8911 6426 6080 9231 4143 2623 8677 900 9848 1437 229 7450 5974 1290 7585
23 2715 1414 7729 3472 497 1552 100 96 3325 5456 8221 5770 8598 5237 4601 6988 8871 958 7554 4569 7449 8922 2861 4751 1435 5721 1376 1827 1618 8672 9848 4225 4082 5588 6102
24 9322 6954 2988 6655 2623 6245 9658 2887 429 935 8659 6868 4631 5712 9806 2387 3082 5274 5023 4580 6213 3080 1818 9176 5948 6121 7912 4093 2106 5973 7032 5913 8260 9342 3514 1850 2153 4371 2591 5962 4247 1290
25 9117 8554 893 6128 5378 4763 6337 3499 6048 8377 1118 2200 2183 7590 1461 8103 8198 9049 7751 7929 5199 6499 5722 5846 7630 938 2151 5311 9497 8120 7849 8880 1764 1638 9310 1604 7117 6496 7450
26 8337 3745 835 9370 7856 2613 4816 2471 9575 1431 7701 6817 2709 9489 7339 7999 263 5108 3328 6725 4540 4772 5997 1840 1538 519 9099 8257 7151 9497 2630 4406 8315 1725 3769 5664 6194 4071 4023 9047 1737 8556 5921 2264
27 1742 7106 7969 5154 3315 7844 3706 9389 7819 2323 4733 8271 7965 2049 9988 7053 2324 7054 2517 2440 3962 7449 4373 7646 5668 3383 2402 6842 2626 4114 4688 5639 6793 2565 7751 4301 5294 2431 1502 7079 5660 9081 2701
28 2729 818 2493 710 1807 250 6882 2987 4903 3619 8008 5120 1875 6811 1747 2871 1254 1493 2754 4341 8208 733 6670 1099 9119 5370 2327 9756 511 983 4506 6033 8271 3389 3097 3849 6887
29 713 6812 7219 3890 399 8948 2463 382 3161 7779 650 2600 4745 816 7221 5049 7817 2572 9 457 3339 4053 4154 6205 7514 9398 78 2854 6810 961 9190 7892 4017 7450 8458
30 6544 182 6182 5343 2954 79 8340 3386 3096 9099 2649 42 7545 9207 1983 2209 9385 2489 8435 5371 3051 3010 7653 2498 6417 6408 4704 494 6518 386 2597 2641 2264 3600
31 7022 4692 7992 7463 2643 3188 8977 4714 2493 2525 4197 5938 2098 3642 942 1091 9664 2427 3505 3578 334 2702 4651 5693 2047 7816 9854 4376 9861 1012 2784
32 3985 3163 5352 9682 4579 5718 3815 5307 2668 8010 8403 1824 9717 9018 6925 314 7942 7162 5613 9968 703 8730 1120 6111 7931 4722 9152 3035 7378 6102 4898 7548 6887 1737
33 6565 5538 328 6560 6208 6508 6064 4209 9416 4997 5996 6862 2405 5410 6430 5157 9579 960 6905 3861 7755 3137 1251 8435 9924 9176 6168 2270 5499 8376 9083 5085 8263 2432 6930 9933 6604 3756 2848 9709
34 3915 4420 9135 5364 9181 7323 6393 1667 4247 229 7437 2480 3062 9119 7156 8309 3988 3666 1229 6237 7936 346 7418 2243 7513 7929 6872 1244 8826 3589 1954 5724 3966 6344 3613 6042 3139 2378 7223 3992 7830 4268 9517
35 6357 1431 1538 7458 9893 1693 4091 8356 3636 1021 6036 9770 5593 3351 3983 7705 3789 9368 258 9563 1247 4970 1505 1729 2597 3514 152 7829 4462 914
36 1240 7931 351 8279 8490 9913 7453 532 5942 4153 8861 574 4708 3796 1687 8749 2933 395 7038 5954 6510 5039 7147 5624 3572 5130 1715 6084 12 2376 3579 4656 3190 9437 2824 9709
37 2190 391 9450 5065 9356 1339 7988 1820 6184 3036 3887 7747 3750 5529 841 8305 4765 8453 7007 7778 4232 5182 4794 9468 2101 3738 8175 8017 403 1649 4629 9715 8456 3912 7892 6460 8867 8645 5926 7624
38 9785 5925 3096 1364 356 1407 1772 2224 3271 4660 2403 2615 6379 2381 78 6268 2152 3965 6955 8841 9884 6876 419 6278 1478 6222 1928 296 6988 8286 2473 5566 3286 4234 1312 7220 7747 3015
39 9764 5695 7358 9171 4296 566 2776 1141 9005 8229 7972 8424 8488 5015 6082 8731 1537 9891 5793 5040 1122 2556 1268 6206 7678 4952 9952 8518 2146 9553 24 890 6590 1310 6764 1954 9709 4371
40 5966 1693 9228 1343 2019 1947 9595 434 6395 1667 8831 9333 6445 641 5452 8950 6107 6157 5640 3359 5308 4121 7922 4278 2118 7177 7364 7218 8145 2475 9042 7704 4510 9316 5708 7133 4347 8259
41 1040 1638 7640 8543 7524 2563 5658 465 9015 3851 3489 8993 4589 1780 9449 6747 5185 8413 6361 406 8706 5511 7090 8815 4390 8648 3197 6965 1575 1834 3150 4676 5173 119 9118 1839 2461 492 8147 8513 9138 2238 583 5789 6656 1310
42 4189 5411 883 8173 7783 5034 6303 5039 5695 8371 1016 7145 8776 7486 7863 8308 9903 929 8177 6814 2215 1361 8752 1727 2997 5797 1699 3295 6849 3198 4137 3046 7636 8799 9365 8450 9283 7293 8541 5659 7007 1954 4171 4520 4349 8556
43 5458 9541 2517 5192 9384 6521 4911 8856 2061 8309 5318 5820 4638 7287 5439 1469 4029 3250 6464 9077 8537 3914 5207 6440 8681 9224 9237 9613 5036 3112 7687 6402 5974 1495 2486 7984
44 9602 3118 2725 986 9299 1440 496 2127 6231 4574 9862 1173 3152 9799 6743 3723 9833 7611 8003 7481 4327 9790 9219 9791 7307 2678 5034 295 3939 9751 2684 1958 9824 5962 6729
45 3922 5731 4645 5911 5622 8729 3474 2536 3028 147 2890 4667 9761 448 5469 8907 1307 6068 2226 2865 5776 1101 5326 9634 3030 6967 6666 3463 7897 2164 4044 1982 2513 7141 1572 2509 3867 7730
46 3540 242 7029 874 6628 2546 9889 9392 5296 9459 6727 4044 4380 3652 6196 6212 1437 555 3171 8174 671 2098 4661 8535 9998 1726 9720 3764 8335 6886 4770 2606 8425 8751 5754 9176 2153 5926
47 2508 6099 1597 3007 2893 4984 6258 7432 3385 8842 8614 4162 1858 2812 8121 7625 6547 6568 1806 6861 651 3777 957 9747 8926 3804 9517 5715 2433 4740 5711 7672 494 8264 3579 1153 7661 7447 5482 3244 9709
48 3328 199 4091 5748 8894 3593 1532 2706 7829 4468 9849 3972 2242 6385 6912 1296 4751 3873 3495 1051 8468 6264 1800 8074 6931 8657 3938 7196 6610 1958 3514 2060
49 496 3692 2403 9705 1364 8844 3115 9645 9983 4700 3215 9136 85 5726 4423 8545 6825 2027 748 5092 6053 5867 7006 7545 2290 5639 3540 5974 5227 6839 2593 1696 5607 985 5106 6657 79 5238 6154 369 8847 8939 6611 265 859 8524 9905
50 6490 5563 4270 9502 496 9 6990 1351 2354 4578 8227 9408 5014 3181 8720 6096 8085 705 5595 8486 2209 6330 5549 5499 6051 7075 2122 4979 9533 3088 5450 3807 3963 6141 907
51 2546 6778 1162 9698 8883 4735 8400 5696 8015 2873 9312 7432 5205 9967 2235 5335 3285 5024 6457 5023 6253 3447 2432 3680 3514 4823 9548 7009 1404 2675 9716 7584 2591 2153 5921 1263
52 1562 6779 6221 6483 8330 2662 9181 1300 1955 8232 2755 5901 2083 8792 3963 5408 984 3727 4906 3882 3816 4357 7119 375 4305 9833 2879 4976 7042 2461 1707 9498 7700 5994 1958 7055 4247
53 7523 298 8974 7515 8013 2872 4431 238 4028 7671 1457 5924 988 3757 9032 816 5247 2905 9468 6418 9358 7959 4057 9768 295 1939 4341 9612 2435 7746 2549 9146 2212 368 6406 6610 138 5594 9193
54 3990 1590 1720 3285 3954 1090 4276 4729 5360 5712 598 7215 93 131 7714 229 5954 8364 8023 9986 1197 3564 5025 2475 2561 2935 7787 4013 2611 4620 2506 1061 1304 3500 5926
55 8285 608 2722 3985 7392 1110 9476 7354 5352 5613 7641 6289 51 9758 8837 3301 6499 4360 4393 3593 6447 4977 8687 9179 7629 1480 322 8780 5395 9593 3339 5599 6893 2546 8484 3975 1171 1954 8304
56 8169 3452 2281 4735 3542 6111 7088 783 2652 2742 1720 2998 6352 7559 9027 8235 3162 750 7373 326 7322 8982 7009 3428 4774 379 8620 2270 1421 4438 1290 2992 3251 7348 3141 5974
57 8140 7877 8269 2786 3579 2035 7792 2933 7733 1008 4549 6137 5807 4919 9090 3366 6407 5319 4691 1939 9586 8549 404 5975 108 7043 1905 5818 5036 3180 6391 6809 19 4288 3097
58 4053 1731 1915 4162 7830 4275 8828 4410 3546 1630 2152 7314 6382 6448 7513 2454 4892 5460 273 5295 8081 3395 8964 8147 2720 4523 1274 4402 4755 8558 5066 4521 2160 6483 9752 6729
59 2432 6599 666 1988 1270 429 8984 398 2340 3511 1650 1921 7954 6899 4326 1852 8394 3628 221 4617 6195 1850 7791 7384 9175 2712 3464 135 5115 9874 720 48 3764 9038 2216 2616 9178 9584 9193
60 1057 6703 5048 2272 139 2605 1775 264 5276 8375 891 3308 1890 4752 6991 9781 1029 7278 1301 2476 8192 5113 2832 6998 5799 647 6122 6482 8751 9434 9176 9709 6290
61 5918 3228 1636 6273 6037 9677 4402 6369 9429 3384 767 6484 8574 2860 2053 2935 2349 8431 3293 1363 5851 5871 3502 6523 5401 4946 3729 6504 9004 4757 2600 6322 8525 7967 4301 909 5110 9824 8458 8524 3849
62 7980 8364 906 9607 5500 7709 4943 7776 9985 379 640 6655 6198 6344 6203 3720 9097 7936 1277 416 8135 9800 3518 1387 232 1288 5236 1636 5637 1504 9527 3756 4714
63 2230 3734 702 5883 1777 6914 7662 3223 3453 1761 5742 9804 8468 1808 5027 9709 6251 1072 2077 869 5221 8741 6937 4038 9949 1234 5099 5443 6054 429 2264
64 5958 5382 4219 7032 987 6984 9575 2728 3059 3835 4789 7371 5490 5452 7393 3715 2906 500 4748 3752 6260 3184 1493 8205 3884 5918 4718 2513 4869 4347 2153 7055
65 5168 3011 7786 4348 7742 7137 2042 1501 8538 7739 4852 2384 3794 8120 9807 29 5553 7612 8587 2943 1510 1198 2484 677 4692 749 1762 3214 4797 6048 6221 8207 5954 6735 3110 968 3497 7647 554 1310 2264 3975
66 4734 3569 4870 4897 1564 6733 7628 7841 1404 360 5569 3664 6375 6631 1952 756 9239 2588 7768 7380 4616 3842 7431 4685 1795 5853 294 7970 5656 2140 5051 2848 8556 3097
67 9224 2343 4622 7711 8340 2990 7513 6212 6598 6684 1750 1459 4824 6793 8407 4676 9505 3545 4554 2456 3445 7905 881 909 5621 3182 3977 3600 6329 2516 7025 4124 2777 6709 4175 1334 3455 4371 1310
68 6916 857 352 8154 6900 6036 6548 9099 3293 363 9517 2078 6453 8973 320 8773 6663 4851 1518 4644 8975 3853 1443 9905 8270 384 4401 4736 1222 3436 3606 3349 6049 3514 1244 1572
69 2848 7251 2115 1190 3672 3687 3570 7227 1118 5323 2640 6984 9451 681 6479 2123 5860 5879 9749 2061 7446 6098 1320 6701 8191 1361 6611 6419 9081 4896 9104 488 3740 999 319 758 6798 8349 1502 1310
70 4186 1523 2151 6631 9927 242 7648 1304 7721 5852 1853 5605 3185 8255 6944 5264 2103 1776 2911 4163 1326 2483 1856 3719 4666 2594 9970 8944 1125 6536 9055 4156 4221 9661 3975 3684
71 3013 7921 7797 2662 21 4322 1909 4580 5110 6147 5725 8305 2321 2980 8314 4249 4531 3474 1748 3043 7313 624 277 8 8289 7782 317 2253 2616 1899 982 2835 1638 857 859 9178
72 3974 5156 847 9183 2091 7211 6345 5763 6428 6046 3955 6662 5626 8756 2744 4064 1902 1531 5394 2431 9835 186 1563 3788 5792 598 1502 625 8323 7591 1111 4980 2895 3263 9686 3995 5926
73 3815 5190 8506 7798 3001 1458 7879 6036 738 7537 9603 5241 579 2499 5743 5602 6056 4380 8475 547 657 9612 3904 9113 6633 7329 4648 2167 2571 9846 303 1495 6729 2955 4247
74 4017 8247 8222 7689 1777 48 431 2819 9615 9706 6893 2774 809 4089 4291 9319 9336 9743 4705 8194 2632 9486 2172 8895 6023 2850 288 9038 5041 2081 3303 8101 3396 7055 8430 900 5482 6764 8450 2899 8556 4247
75 6308 9049 4559 8019 6525 7014 4953 8518 2758 9734 1753 6500 6932 3344 7971 728 4074 3680 6499 6707 691 2074 2094 26 312 1535 2732 7896 1966 5085 1000 9037 28 2474 3150 6289 3842 6402 6918 54 6009 5041 7750 8705 3853 4926 6102 6616 2848 7055 5921
76 8952 2406 8177 4317 7380 9975 9934 4210 5968 2145 2382 3222 1421 2862 815 4342 9078 5213 4988 5397 8447 5827 9199 2960 5855 3162 3924 9050 8809 7031 1490 3277 6230 7077 8220 5114 7518 8751 4462 6604 7585 2153 9584 7730 1737 6729
77 4490 8998 5894 1889 2683 4289 8118 8775 2596 9836 8001 1451 3210 8263 9400 9174 8024 7132 7061 1155 2531 6126 7939 6410 2374 2078 3203 6797 7037 1661 6228 6027 5692 5260 7975 4869 8552 9283 8798
78 2446 702 6676 3813 6570 7803 6106 3815 4796 5795 4701 6996 5756 7570 3483 3732 5719 1506 4734 7674 6503 2080 4995 3010 2632 3901 5699 2373 5653 6729 8978 3849
79 1047 4981 3994 7236 1056 8996 757 4644 1408 701 9559 5454 9085 9836 8628 4152 4139 7099 9599 2331 2254 7907 6709 4877 7270 8363 9412 2625 5897 659 4871 2472 8881 4371 4997 3684 1310 6769 1502
80 8625 9288 435 6196 5024 7377 7573 6623 3232 8581 4237 8721 3094 6023 2505 1131 7616 8784 3608 1018 8720 915 9588 774 4854 2132 6397 1894 6958 5350 3060 5554 2848
81 5269 1823 5554 4161 8916 1069 4792 7753 1611 6272 8405 7362 673 7031 7596 8878 5390 5860 9718 3258 5087 8255 6143 9649 6296 6703 4880 7974 9405 857 2336 3862 1079 5160 5483 7984 1290 7055
82 5178 6894 1993 4291 9449 2244 108 3203 2504 6382 6867 2811 4630 2918 3690 3843 6488 5171 7307 8042 4456 7348 7135 5156 8027 433 2577 1579 1947 8275 1196 5451 339 1273 3301 7931 7405 7450 2402 8361 9584
83 6380 5131 9544 5706 6502 5537 9237 9333 8775 4583 9592 1120 3670 6471 3999 7316 9829 4401 9704 9415 9250 1545 7292 9145 1130 6513 5530 7296 8447 5707 642 1930 5526 1888 5499 1671 6729 2264
84 4284 7612 4752 9889 2422 5542 313 4835 8868 651 1881 1765 2670 4405 4707 5207 9940 7115 1908 5576 858 2383 3758 4648 3351 5225 3796 2160 2450 8223 8574 838 2259 9975 849 4371 9193
85 8632 9468 561 3408 8603 568 1228 9707 4793 9232 3643 4040 5015 6580 8137 9155 6366 6668 7711 8237 6692 6250 7262 1024 7407 6007 1013 2161 4134 5776 2645 7284
86 8689 8787 6678 8636 5162 693 4879 4974 3680 776 9262 2118 53 6421 8990 5838 5296 1820 174 7918 3347 1471 3570 9118 9989 1978 7426 4438 7260 7395 4279 2273 7540 5780 6769 2848 8556 1502 3975
87 5749 7027 6366 6488 7954 5017 1372 6874 6701 9707 5607 2788 2188 121 7439 7500 529 9719 9678 543 6482 4074 6351 4278 42 5496 24 2451 2191 751 6138 5101 2955 554 2548 9193 4714
88 7221 7403 6644 5060 3075 5625 4915 6934 9081 7116 2839 6461 1636 2503 1634 6720 274 3079 9978 8218 466 1073 2399 5007 285 552 6002 9217 3189 1319 8427 5353 6213 3279 1495 4768 3849
89 7505 2374 1465 75 1319 8639 7018 5962 733 8665 8965 9913 992 9461 5442 9038 8409 9242 3945 4203 3323 4542 5152 8791 2700 9329 3567 1546 3267 1595 7435 8808 7222 7263 3416 6572 5394 355 1954 9709
90 4574 9130 9936 179 680 8017 7886 8919 8888 2273 6045 6349 9685 5651 2961 413 3396 8688 8352 7941 8004 3148 3417 5098 4027 5170 4997 5887 9193 3467 9419 5926 3453 1290
91 7546 6919 7996 5918 8817 636 1519 8927 2686 3626 5607 2142 8693 2987 9818 8886 2801 654 4135 2822 7752 5929 9249 397 9616 2557 8287 1236 5181 9144 4256 8768 8330 968 3244 4247
92 248 66 9087 6877 1487 4159 9645 8120 7357 1355 8931 9298 5384 5281 5677 5357 3213 8660 1551 6097 6307 6627 2578 4720 9236 1638 6183 6927 4785 7514 2848
93 7835 3576 3105 3374 5279 3886 3637 8691 2111 5937 1865 4123 8223 3961 1650 8435 6556 3079 8072 7047 1069 1306 4295 7709 2037 2734 2495 6729 8528 5526 7242
94 2072 2004 3940 4432 8395 2988 8424 4698 4038 4352 3941 9076 2466 4891 6217 8362 2338 6154 3513 2507 9288 1738 644 9444 3840 6174 4974 3928 1047 7286 981 319 5554 6165
95 4663 5509 2474 8354 6076 3224 4922 7876 2891 8813 6124 6926 9312 3960 5495 9878 8080 2741 8655 3454 4337 1500 4725 2414 5096 7663 2363 2158 3822 638 1595 651 5661 2138 7912
96 2799 6539 7887 8699 4929 7680 4236 8147 6224 708 2344 7574 3245 7986 9144 7570 2147 1508 2570 24 8722 5722 7897 6154 1067 9629 3800 9218 2809 8693 6536 1025 3044 7156 9579 2985 7056 5826 8506 1737 243 8451 5926
97 224 4036 3071 2719 5623 9947 4257 9928 5973 9194 1108 9993 3221 1181 4175 157 6675 2102 5936 6227 3524 7145 1510 3228 7592 1380 5682 3322 3319 9180 5233 6257 2779 4924 9692 5989 9387 4136 9326 1027
98 426 6227 5721 8852 1957 7626 207 7759 1848 9450 5744 6262 9566 4659 7821 6231 3372 2475 8387 9388 4005 929 7520 4650 7371 8222 5872 2780 4146 8495 5298 5305 128 7480 7426 9756 9317 8406 9419 9365
99 2280 2722 6771 4248 869 601 1383 3797 1369 5041 3316 6935 828 7043 2899 2030 5110 3595 2305 2227 2051 4631 2543 1500 7149 2920 969 5009 8200 5302 4421 3523 1420 6381 6284 9732 7892
